\BOOKMARK [0][-]{chapter.1}{Introduction to Pure Mathematics}{}% 1
\BOOKMARK [1][-]{section.1.1}{Mathematical Lingo}{chapter.1}% 2
\BOOKMARK [1][-]{section.1.2}{Writing Proofs}{chapter.1}% 3
\BOOKMARK [1][-]{section.1.3}{Logic and Propositional Calculus}{chapter.1}% 4
\BOOKMARK [0][-]{chapter.2}{Fundamental Mathematics}{}% 5
\BOOKMARK [1][-]{section.2.1}{Set Algebra}{chapter.2}% 6
\BOOKMARK [1][-]{section.2.2}{Functions}{chapter.2}% 7
\BOOKMARK [1][-]{section.2.3}{Relations}{chapter.2}% 8
\BOOKMARK [1][-]{section.2.4}{Counting Principles}{chapter.2}% 9
\BOOKMARK [0][-]{chapter.3}{Axiom Systems}{}% 10
\BOOKMARK [1][-]{section.3.1}{Models}{chapter.3}% 11
\BOOKMARK [1][-]{section.3.2}{Consistency}{chapter.3}% 12
\BOOKMARK [1][-]{section.3.3}{Independence}{chapter.3}% 13
\BOOKMARK [1][-]{section.3.4}{Isomorphisms and Completeness}{chapter.3}% 14
\BOOKMARK [0][-]{chapter.4}{Euclid's Geometry}{}% 15
\BOOKMARK [1][-]{section.4.1}{Euclid's Postulates and Definitions}{chapter.4}% 16
\BOOKMARK [1][-]{section.4.2}{Proposition 1, 2, 4, and 8}{chapter.4}% 17
\BOOKMARK [1][-]{section.4.3}{Proposition 9, 10, 11, and 12}{chapter.4}% 18
\BOOKMARK [0][-]{chapter.5}{Linear Algebra Review}{}% 19
\BOOKMARK [1][-]{section.5.1}{Vector Spaces}{chapter.5}% 20
\BOOKMARK [1][-]{section.5.2}{Linear Transformations}{chapter.5}% 21
\BOOKMARK [1][-]{section.5.3}{Determinants}{chapter.5}% 22
\BOOKMARK [1][-]{section.5.4}{Eigenstuff}{chapter.5}% 23
\BOOKMARK [0][-]{chapter.6}{Basic Group Theory}{}% 24
\BOOKMARK [1][-]{section.6.1}{Basic Group Theory}{chapter.6}% 25
\BOOKMARK [1][-]{section.6.2}{The Dihedral Group}{chapter.6}% 26
\BOOKMARK [1][-]{section.6.3}{The Symmetric Group}{chapter.6}% 27
\BOOKMARK [1][-]{section.6.4}{Geometric Transformation Groups}{chapter.6}% 28
