\BOOKMARK [0][-]{chapter.1}{Finite Geometries}{}% 1
\BOOKMARK [1][-]{section.1.1}{Axiomatic Systems}{chapter.1}% 2
\BOOKMARK [1][-]{section.1.2}{Finite Projective Planes}{chapter.1}% 3
\BOOKMARK [1][-]{section.1.3}{Desargues' Configurations}{chapter.1}% 4
\BOOKMARK [0][-]{chapter.2}{Non-Euclidean Geometries}{}% 5
\BOOKMARK [1][-]{section.2.1}{Euclid's Geometry}{chapter.2}% 6
\BOOKMARK [1][-]{section.2.2}{Non-Euclidean Geometry}{chapter.2}% 7
\BOOKMARK [1][-]{section.2.3}{Hyperbolic Geometry \205 Sense Parallels}{chapter.2}% 8
\BOOKMARK [1][-]{section.2.4}{Hyperbolic Geometry \205 Asymptotic Triangles}{chapter.2}% 9
\BOOKMARK [1][-]{section.2.5}{Hyperbolic Geometry \205 Saccheri Quadrilaterals}{chapter.2}% 10
\BOOKMARK [1][-]{section.2.6}{Hyperbolic Geometry \205 Area of Triangles}{chapter.2}% 11
\BOOKMARK [1][-]{section.2.7}{Hyperbolic Geometry \205 Ultraparallels}{chapter.2}% 12
\BOOKMARK [1][-]{section.2.8}{Elliptic Geometry}{chapter.2}% 13
\BOOKMARK [1][-]{section.2.9}{Significance of Non-Euclidean Geometries}{chapter.2}% 14
\BOOKMARK [0][-]{chapter.3}{Geometric Transformations of Euclidean Plane}{}% 15
\BOOKMARK [1][-]{section.3.1}{An Analytic Model of the Euclidean Plane}{chapter.3}% 16
\BOOKMARK [1][-]{section.3.2}{Linear Transformations of the Euclidean Plane}{chapter.3}% 17
\BOOKMARK [1][-]{section.3.3}{Isometries}{chapter.3}% 18
\BOOKMARK [1][-]{section.3.4}{Direct Isometries}{chapter.3}% 19
\BOOKMARK [1][-]{section.3.5}{Indirect Isometries}{chapter.3}% 20
\BOOKMARK [1][-]{section.3.6}{Symmetry Groups}{chapter.3}% 21
\BOOKMARK [1][-]{section.3.7}{Similarity Transformations}{chapter.3}% 22
\BOOKMARK [1][-]{section.3.8}{Affine Transformations}{chapter.3}% 23
\BOOKMARK [0][-]{chapter.4}{Projective Geometry}{}% 24
\BOOKMARK [1][-]{section.4.1}{The Axiomatic System and Duality}{chapter.4}% 25
\BOOKMARK [1][-]{section.4.2}{Perspective Triangles}{chapter.4}% 26
\BOOKMARK [1][-]{section.4.3}{Harmonic Sets}{chapter.4}% 27
\BOOKMARK [1][-]{section.4.4}{Perspectives and Projectivities}{chapter.4}% 28
\BOOKMARK [1][-]{section.4.5}{Conics In the Projective Plane}{chapter.4}% 29
\BOOKMARK [1][-]{section.4.6}{An Analytic Model for the Projective Plane}{chapter.4}% 30
\BOOKMARK [1][-]{section.4.7}{The Analytic Form of Projectivities}{chapter.4}% 31
\BOOKMARK [1][-]{section.4.8}{Cross Ratios}{chapter.4}% 32
\BOOKMARK [1][-]{section.4.9}{Collineations}{chapter.4}% 33
\BOOKMARK [1][-]{section.4.10}{Correlations and Polarities}{chapter.4}% 34
\BOOKMARK [1][-]{section.4.11}{Subgeometries of Projectice Geometry}{chapter.4}% 35
